Determining if the pthread_create exist failed with the following output:
Change Dir: /home/user/Documents/PMP/Projet/build/CMakeFiles/CMakeTmp

Run Build Command:"/usr/bin/make" "cmTC_c5bcd/fast"
/usr/bin/make -f CMakeFiles/cmTC_c5bcd.dir/build.make CMakeFiles/cmTC_c5bcd.dir/build
make[1] : on entre dans le répertoire « /home/user/Documents/PMP/Projet/build/CMakeFiles/CMakeTmp »
Building C object CMakeFiles/cmTC_c5bcd.dir/CheckSymbolExists.c.o
/usr/bin/cc    -o CMakeFiles/cmTC_c5bcd.dir/CheckSymbolExists.c.o   -c /home/user/Documents/PMP/Projet/build/CMakeFiles/CMakeTmp/CheckSymbolExists.c
Linking C executable cmTC_c5bcd
/usr/bin/cmake -E cmake_link_script CMakeFiles/cmTC_c5bcd.dir/link.txt --verbose=1
/usr/bin/cc      -rdynamic CMakeFiles/cmTC_c5bcd.dir/CheckSymbolExists.c.o  -o cmTC_c5bcd 
CMakeFiles/cmTC_c5bcd.dir/CheckSymbolExists.c.o : Dans la fonction « main » :
CheckSymbolExists.c:(.text+0x1b) : référence indéfinie vers « pthread_create »
collect2: error: ld returned 1 exit status
CMakeFiles/cmTC_c5bcd.dir/build.make:97 : la recette pour la cible « cmTC_c5bcd » a échouée
make[1]: *** [cmTC_c5bcd] Erreur 1
make[1] : on quitte le répertoire « /home/user/Documents/PMP/Projet/build/CMakeFiles/CMakeTmp »
Makefile:126 : la recette pour la cible « cmTC_c5bcd/fast » a échouée
make: *** [cmTC_c5bcd/fast] Erreur 2

File /home/user/Documents/PMP/Projet/build/CMakeFiles/CMakeTmp/CheckSymbolExists.c:
/* */
#include <pthread.h>

int main(int argc, char** argv)
{
  (void)argv;
#ifndef pthread_create
  return ((int*)(&pthread_create))[argc];
#else
  (void)argc;
  return 0;
#endif
}

Determining if the function pthread_create exists in the pthreads failed with the following output:
Change Dir: /home/user/Documents/PMP/Projet/build/CMakeFiles/CMakeTmp

Run Build Command:"/usr/bin/make" "cmTC_3fc5e/fast"
/usr/bin/make -f CMakeFiles/cmTC_3fc5e.dir/build.make CMakeFiles/cmTC_3fc5e.dir/build
make[1] : on entre dans le répertoire « /home/user/Documents/PMP/Projet/build/CMakeFiles/CMakeTmp »
Building C object CMakeFiles/cmTC_3fc5e.dir/CheckFunctionExists.c.o
/usr/bin/cc   -DCHECK_FUNCTION_EXISTS=pthread_create   -o CMakeFiles/cmTC_3fc5e.dir/CheckFunctionExists.c.o   -c /usr/share/cmake-3.9/Modules/CheckFunctionExists.c
Linking C executable cmTC_3fc5e
/usr/bin/cmake -E cmake_link_script CMakeFiles/cmTC_3fc5e.dir/link.txt --verbose=1
/usr/bin/cc  -DCHECK_FUNCTION_EXISTS=pthread_create    -rdynamic CMakeFiles/cmTC_3fc5e.dir/CheckFunctionExists.c.o  -o cmTC_3fc5e -lpthreads 
/usr/bin/ld : ne peut trouver -lpthreads
collect2: error: ld returned 1 exit status
CMakeFiles/cmTC_3fc5e.dir/build.make:97 : la recette pour la cible « cmTC_3fc5e » a échouée
make[1]: *** [cmTC_3fc5e] Erreur 1
make[1] : on quitte le répertoire « /home/user/Documents/PMP/Projet/build/CMakeFiles/CMakeTmp »
Makefile:126 : la recette pour la cible « cmTC_3fc5e/fast » a échouée
make: *** [cmTC_3fc5e/fast] Erreur 2


